<?xml version="1.0" encoding="UTF-8"?>
<testsuite xmlns:xsi="http://www.w3.org/2001/XMLSchema-instance" xsi:noNamespaceSchemaLocation="https://maven.apache.org/surefire/maven-surefire-plugin/xsd/surefire-test-report.xsd" name="com.example.demo.DemoApplicationTests" time="2.17" tests="1" errors="0" skipped="0" failures="0">
  <properties>
    <property name="sun.desktop" value="gnome"/>
    <property name="awt.toolkit" value="sun.awt.X11.XToolkit"/>
    <property name="file.encoding.pkg" value="sun.io"/>
    <property name="java.specification.version" value="1.8"/>
    <property name="sun.cpu.isalist" value=""/>
    <property name="sun.jnu.encoding" value="UTF-8"/>
    <property name="java.class.path" value="/home/veera/Downloads/demo/target/test-classes:/home/veera/Downloads/demo/target/classes:/home/veera/.m2/repository/org/springframework/boot/spring-boot-starter-web/2.5.14/spring-boot-starter-web-2.5.14.jar:/home/veera/.m2/repository/org/springframework/boot/spring-boot-starter-json/2.5.14/spring-boot-starter-json-2.5.14.jar:/home/veera/.m2/repository/com/fasterxml/jackson/core/jackson-databind/2.12.6.1/jackson-databind-2.12.6.1.jar:/home/veera/.m2/repository/com/fasterxml/jackson/core/jackson-annotations/2.12.6/jackson-annotations-2.12.6.jar:/home/veera/.m2/repository/com/fasterxml/jackson/core/jackson-core/2.12.6/jackson-core-2.12.6.jar:/home/veera/.m2/repository/com/fasterxml/jackson/datatype/jackson-datatype-jdk8/2.12.6/jackson-datatype-jdk8-2.12.6.jar:/home/veera/.m2/repository/com/fasterxml/jackson/datatype/jackson-datatype-jsr310/2.12.6/jackson-datatype-jsr310-2.12.6.jar:/home/veera/.m2/repository/com/fasterxml/jackson/module/jackson-module-parameter-names/2.12.6/jackson-module-parameter-names-2.12.6.jar:/home/veera/.m2/repository/org/springframework/boot/spring-boot-starter-tomcat/2.5.14/spring-boot-starter-tomcat-2.5.14.jar:/home/veera/.m2/repository/org/apache/tomcat/embed/tomcat-embed-core/9.0.63/tomcat-embed-core-9.0.63.jar:/home/veera/.m2/repository/org/apache/tomcat/embed/tomcat-embed-el/9.0.63/tomcat-embed-el-9.0.63.jar:/home/veera/.m2/repository/org/apache/tomcat/embed/tomcat-embed-websocket/9.0.63/tomcat-embed-websocket-9.0.63.jar:/home/veera/.m2/repository/org/springframework/spring-web/5.3.20/spring-web-5.3.20.jar:/home/veera/.m2/repository/org/springframework/spring-webmvc/5.3.20/spring-webmvc-5.3.20.jar:/home/veera/.m2/repository/org/springframework/spring-context/5.3.20/spring-context-5.3.20.jar:/home/veera/.m2/repository/org/springframework/spring-expression/5.3.20/spring-expression-5.3.20.jar:/home/veera/.m2/repository/org/springframework/boot/spring-boot-starter-web-services/2.5.14/spring-boot-starter-web-services-2.5.14.jar:/home/veera/.m2/repository/com/sun/xml/messaging/saaj/saaj-impl/1.5.3/saaj-impl-1.5.3.jar:/home/veera/.m2/repository/jakarta/xml/soap/jakarta.xml.soap-api/1.4.2/jakarta.xml.soap-api-1.4.2.jar:/home/veera/.m2/repository/org/jvnet/staxex/stax-ex/1.8.3/stax-ex-1.8.3.jar:/home/veera/.m2/repository/jakarta/xml/ws/jakarta.xml.ws-api/2.3.3/jakarta.xml.ws-api-2.3.3.jar:/home/veera/.m2/repository/jakarta/jws/jakarta.jws-api/2.1.0/jakarta.jws-api-2.1.0.jar:/home/veera/.m2/repository/org/springframework/spring-oxm/5.3.20/spring-oxm-5.3.20.jar:/home/veera/.m2/repository/javax/xml/ws/jaxws-api/2.3.1/jaxws-api-2.3.1.jar:/home/veera/.m2/repository/javax/xml/soap/javax.xml.soap-api/1.4.0/javax.xml.soap-api-1.4.0.jar:/home/veera/.m2/repository/javax/annotation/javax.annotation-api/1.3.2/javax.annotation-api-1.3.2.jar:/home/veera/.m2/repository/javax/xml/bind/jaxb-api/2.3.1/jaxb-api-2.3.1.jar:/home/veera/.m2/repository/javax/activation/javax.activation-api/1.2.0/javax.activation-api-1.2.0.jar:/home/veera/.m2/repository/wsdl4j/wsdl4j/1.6.3/wsdl4j-1.6.3.jar:/home/veera/.m2/repository/org/glassfish/jaxb/jaxb-runtime/2.3.3/jaxb-runtime-2.3.3.jar:/home/veera/.m2/repository/jakarta/xml/bind/jakarta.xml.bind-api/2.3.3/jakarta.xml.bind-api-2.3.3.jar:/home/veera/.m2/repository/org/glassfish/jaxb/txw2/2.3.6/txw2-2.3.6.jar:/home/veera/.m2/repository/com/sun/istack/istack-commons-runtime/3.0.11/istack-commons-runtime-3.0.11.jar:/home/veera/.m2/repository/com/sun/activation/jakarta.activation/1.2.2/jakarta.activation-1.2.2.jar:/home/veera/.m2/repository/org/springframework/ws/spring-ws-core/3.1.3/spring-ws-core-3.1.3.jar:/home/veera/.m2/repository/org/springframework/ws/spring-xml/3.1.3/spring-xml-3.1.3.jar:/home/veera/.m2/repository/org/springframework/spring-aop/5.3.20/spring-aop-5.3.20.jar:/home/veera/.m2/repository/org/springframework/spring-beans/5.3.20/spring-beans-5.3.20.jar:/home/veera/.m2/repository/org/springframework/spring-core/5.3.20/spring-core-5.3.20.jar:/home/veera/.m2/repository/org/springframework/spring-jcl/5.3.20/spring-jcl-5.3.20.jar:/home/veera/.m2/repository/org/springframework/boot/spring-boot-starter/2.5.14/spring-boot-starter-2.5.14.jar:/home/veera/.m2/repository/org/springframework/boot/spring-boot/2.5.14/spring-boot-2.5.14.jar:/home/veera/.m2/repository/org/springframework/boot/spring-boot-autoconfigure/2.5.14/spring-boot-autoconfigure-2.5.14.jar:/home/veera/.m2/repository/org/springframework/boot/spring-boot-starter-logging/2.5.14/spring-boot-starter-logging-2.5.14.jar:/home/veera/.m2/repository/ch/qos/logback/logback-classic/1.2.11/logback-classic-1.2.11.jar:/home/veera/.m2/repository/ch/qos/logback/logback-core/1.2.11/logback-core-1.2.11.jar:/home/veera/.m2/repository/org/apache/logging/log4j/log4j-to-slf4j/2.17.2/log4j-to-slf4j-2.17.2.jar:/home/veera/.m2/repository/org/apache/logging/log4j/log4j-api/2.17.2/log4j-api-2.17.2.jar:/home/veera/.m2/repository/org/slf4j/jul-to-slf4j/1.7.36/jul-to-slf4j-1.7.36.jar:/home/veera/.m2/repository/jakarta/annotation/jakarta.annotation-api/1.3.5/jakarta.annotation-api-1.3.5.jar:/home/veera/.m2/repository/org/yaml/snakeyaml/1.28/snakeyaml-1.28.jar:/home/veera/.m2/repository/org/springframework/boot/spring-boot-starter-test/2.5.14/spring-boot-starter-test-2.5.14.jar:/home/veera/.m2/repository/org/springframework/boot/spring-boot-test/2.5.14/spring-boot-test-2.5.14.jar:/home/veera/.m2/repository/org/springframework/boot/spring-boot-test-autoconfigure/2.5.14/spring-boot-test-autoconfigure-2.5.14.jar:/home/veera/.m2/repository/com/jayway/jsonpath/json-path/2.5.0/json-path-2.5.0.jar:/home/veera/.m2/repository/net/minidev/json-smart/2.4.8/json-smart-2.4.8.jar:/home/veera/.m2/repository/net/minidev/accessors-smart/2.4.8/accessors-smart-2.4.8.jar:/home/veera/.m2/repository/org/ow2/asm/asm/9.1/asm-9.1.jar:/home/veera/.m2/repository/org/slf4j/slf4j-api/1.7.36/slf4j-api-1.7.36.jar:/home/veera/.m2/repository/org/assertj/assertj-core/3.19.0/assertj-core-3.19.0.jar:/home/veera/.m2/repository/org/hamcrest/hamcrest/2.2/hamcrest-2.2.jar:/home/veera/.m2/repository/org/junit/jupiter/junit-jupiter/5.7.2/junit-jupiter-5.7.2.jar:/home/veera/.m2/repository/org/junit/jupiter/junit-jupiter-api/5.7.2/junit-jupiter-api-5.7.2.jar:/home/veera/.m2/repository/org/apiguardian/apiguardian-api/1.1.0/apiguardian-api-1.1.0.jar:/home/veera/.m2/repository/org/opentest4j/opentest4j/1.2.0/opentest4j-1.2.0.jar:/home/veera/.m2/repository/org/junit/platform/junit-platform-commons/1.7.2/junit-platform-commons-1.7.2.jar:/home/veera/.m2/repository/org/junit/jupiter/junit-jupiter-params/5.7.2/junit-jupiter-params-5.7.2.jar:/home/veera/.m2/repository/org/junit/jupiter/junit-jupiter-engine/5.7.2/junit-jupiter-engine-5.7.2.jar:/home/veera/.m2/repository/org/junit/platform/junit-platform-engine/1.7.2/junit-platform-engine-1.7.2.jar:/home/veera/.m2/repository/org/mockito/mockito-core/3.9.0/mockito-core-3.9.0.jar:/home/veera/.m2/repository/net/bytebuddy/byte-buddy/1.10.22/byte-buddy-1.10.22.jar:/home/veera/.m2/repository/net/bytebuddy/byte-buddy-agent/1.10.22/byte-buddy-agent-1.10.22.jar:/home/veera/.m2/repository/org/objenesis/objenesis/3.2/objenesis-3.2.jar:/home/veera/.m2/repository/org/mockito/mockito-junit-jupiter/3.9.0/mockito-junit-jupiter-3.9.0.jar:/home/veera/.m2/repository/org/skyscreamer/jsonassert/1.5.0/jsonassert-1.5.0.jar:/home/veera/.m2/repository/com/vaadin/external/google/android-json/0.0.20131108.vaadin1/android-json-0.0.20131108.vaadin1.jar:/home/veera/.m2/repository/org/springframework/spring-test/5.3.20/spring-test-5.3.20.jar:/home/veera/.m2/repository/org/xmlunit/xmlunit-core/2.8.4/xmlunit-core-2.8.4.jar:"/>
    <property name="java.vm.vendor" value="Private Build"/>
    <property name="sun.arch.data.model" value="64"/>
    <property name="java.vendor.url" value="http://java.oracle.com/"/>
    <property name="user.timezone" value=""/>
    <property name="java.vm.specification.version" value="1.8"/>
    <property name="os.name" value="Linux"/>
    <property name="user.country" value="US"/>
    <property name="sun.java.launcher" value="SUN_STANDARD"/>
    <property name="sun.boot.library.path" value="/usr/lib/jvm/java-8-openjdk-amd64/jre/lib/amd64"/>
    <property name="sun.java.command" value="/home/veera/Downloads/demo/target/surefire/surefirebooter44620502361678255.jar /home/veera/Downloads/demo/target/surefire 2025-03-25T21-24-53_675-jvmRun1 surefire7400734893552347122tmp surefire_04998233225700117356tmp"/>
    <property name="surefire.test.class.path" value="/home/veera/Downloads/demo/target/test-classes:/home/veera/Downloads/demo/target/classes:/home/veera/.m2/repository/org/springframework/boot/spring-boot-starter-web/2.5.14/spring-boot-starter-web-2.5.14.jar:/home/veera/.m2/repository/org/springframework/boot/spring-boot-starter-json/2.5.14/spring-boot-starter-json-2.5.14.jar:/home/veera/.m2/repository/com/fasterxml/jackson/core/jackson-databind/2.12.6.1/jackson-databind-2.12.6.1.jar:/home/veera/.m2/repository/com/fasterxml/jackson/core/jackson-annotations/2.12.6/jackson-annotations-2.12.6.jar:/home/veera/.m2/repository/com/fasterxml/jackson/core/jackson-core/2.12.6/jackson-core-2.12.6.jar:/home/veera/.m2/repository/com/fasterxml/jackson/datatype/jackson-datatype-jdk8/2.12.6/jackson-datatype-jdk8-2.12.6.jar:/home/veera/.m2/repository/com/fasterxml/jackson/datatype/jackson-datatype-jsr310/2.12.6/jackson-datatype-jsr310-2.12.6.jar:/home/veera/.m2/repository/com/fasterxml/jackson/module/jackson-module-parameter-names/2.12.6/jackson-module-parameter-names-2.12.6.jar:/home/veera/.m2/repository/org/springframework/boot/spring-boot-starter-tomcat/2.5.14/spring-boot-starter-tomcat-2.5.14.jar:/home/veera/.m2/repository/org/apache/tomcat/embed/tomcat-embed-core/9.0.63/tomcat-embed-core-9.0.63.jar:/home/veera/.m2/repository/org/apache/tomcat/embed/tomcat-embed-el/9.0.63/tomcat-embed-el-9.0.63.jar:/home/veera/.m2/repository/org/apache/tomcat/embed/tomcat-embed-websocket/9.0.63/tomcat-embed-websocket-9.0.63.jar:/home/veera/.m2/repository/org/springframework/spring-web/5.3.20/spring-web-5.3.20.jar:/home/veera/.m2/repository/org/springframework/spring-webmvc/5.3.20/spring-webmvc-5.3.20.jar:/home/veera/.m2/repository/org/springframework/spring-context/5.3.20/spring-context-5.3.20.jar:/home/veera/.m2/repository/org/springframework/spring-expression/5.3.20/spring-expression-5.3.20.jar:/home/veera/.m2/repository/org/springframework/boot/spring-boot-starter-web-services/2.5.14/spring-boot-starter-web-services-2.5.14.jar:/home/veera/.m2/repository/com/sun/xml/messaging/saaj/saaj-impl/1.5.3/saaj-impl-1.5.3.jar:/home/veera/.m2/repository/jakarta/xml/soap/jakarta.xml.soap-api/1.4.2/jakarta.xml.soap-api-1.4.2.jar:/home/veera/.m2/repository/org/jvnet/staxex/stax-ex/1.8.3/stax-ex-1.8.3.jar:/home/veera/.m2/repository/jakarta/xml/ws/jakarta.xml.ws-api/2.3.3/jakarta.xml.ws-api-2.3.3.jar:/home/veera/.m2/repository/jakarta/jws/jakarta.jws-api/2.1.0/jakarta.jws-api-2.1.0.jar:/home/veera/.m2/repository/org/springframework/spring-oxm/5.3.20/spring-oxm-5.3.20.jar:/home/veera/.m2/repository/javax/xml/ws/jaxws-api/2.3.1/jaxws-api-2.3.1.jar:/home/veera/.m2/repository/javax/xml/soap/javax.xml.soap-api/1.4.0/javax.xml.soap-api-1.4.0.jar:/home/veera/.m2/repository/javax/annotation/javax.annotation-api/1.3.2/javax.annotation-api-1.3.2.jar:/home/veera/.m2/repository/javax/xml/bind/jaxb-api/2.3.1/jaxb-api-2.3.1.jar:/home/veera/.m2/repository/javax/activation/javax.activation-api/1.2.0/javax.activation-api-1.2.0.jar:/home/veera/.m2/repository/wsdl4j/wsdl4j/1.6.3/wsdl4j-1.6.3.jar:/home/veera/.m2/repository/org/glassfish/jaxb/jaxb-runtime/2.3.3/jaxb-runtime-2.3.3.jar:/home/veera/.m2/repository/jakarta/xml/bind/jakarta.xml.bind-api/2.3.3/jakarta.xml.bind-api-2.3.3.jar:/home/veera/.m2/repository/org/glassfish/jaxb/txw2/2.3.6/txw2-2.3.6.jar:/home/veera/.m2/repository/com/sun/istack/istack-commons-runtime/3.0.11/istack-commons-runtime-3.0.11.jar:/home/veera/.m2/repository/com/sun/activation/jakarta.activation/1.2.2/jakarta.activation-1.2.2.jar:/home/veera/.m2/repository/org/springframework/ws/spring-ws-core/3.1.3/spring-ws-core-3.1.3.jar:/home/veera/.m2/repository/org/springframework/ws/spring-xml/3.1.3/spring-xml-3.1.3.jar:/home/veera/.m2/repository/org/springframework/spring-aop/5.3.20/spring-aop-5.3.20.jar:/home/veera/.m2/repository/org/springframework/spring-beans/5.3.20/spring-beans-5.3.20.jar:/home/veera/.m2/repository/org/springframework/spring-core/5.3.20/spring-core-5.3.20.jar:/home/veera/.m2/repository/org/springframework/spring-jcl/5.3.20/spring-jcl-5.3.20.jar:/home/veera/.m2/repository/org/springframework/boot/spring-boot-starter/2.5.14/spring-boot-starter-2.5.14.jar:/home/veera/.m2/repository/org/springframework/boot/spring-boot/2.5.14/spring-boot-2.5.14.jar:/home/veera/.m2/repository/org/springframework/boot/spring-boot-autoconfigure/2.5.14/spring-boot-autoconfigure-2.5.14.jar:/home/veera/.m2/repository/org/springframework/boot/spring-boot-starter-logging/2.5.14/spring-boot-starter-logging-2.5.14.jar:/home/veera/.m2/repository/ch/qos/logback/logback-classic/1.2.11/logback-classic-1.2.11.jar:/home/veera/.m2/repository/ch/qos/logback/logback-core/1.2.11/logback-core-1.2.11.jar:/home/veera/.m2/repository/org/apache/logging/log4j/log4j-to-slf4j/2.17.2/log4j-to-slf4j-2.17.2.jar:/home/veera/.m2/repository/org/apache/logging/log4j/log4j-api/2.17.2/log4j-api-2.17.2.jar:/home/veera/.m2/repository/org/slf4j/jul-to-slf4j/1.7.36/jul-to-slf4j-1.7.36.jar:/home/veera/.m2/repository/jakarta/annotation/jakarta.annotation-api/1.3.5/jakarta.annotation-api-1.3.5.jar:/home/veera/.m2/repository/org/yaml/snakeyaml/1.28/snakeyaml-1.28.jar:/home/veera/.m2/repository/org/springframework/boot/spring-boot-starter-test/2.5.14/spring-boot-starter-test-2.5.14.jar:/home/veera/.m2/repository/org/springframework/boot/spring-boot-test/2.5.14/spring-boot-test-2.5.14.jar:/home/veera/.m2/repository/org/springframework/boot/spring-boot-test-autoconfigure/2.5.14/spring-boot-test-autoconfigure-2.5.14.jar:/home/veera/.m2/repository/com/jayway/jsonpath/json-path/2.5.0/json-path-2.5.0.jar:/home/veera/.m2/repository/net/minidev/json-smart/2.4.8/json-smart-2.4.8.jar:/home/veera/.m2/repository/net/minidev/accessors-smart/2.4.8/accessors-smart-2.4.8.jar:/home/veera/.m2/repository/org/ow2/asm/asm/9.1/asm-9.1.jar:/home/veera/.m2/repository/org/slf4j/slf4j-api/1.7.36/slf4j-api-1.7.36.jar:/home/veera/.m2/repository/org/assertj/assertj-core/3.19.0/assertj-core-3.19.0.jar:/home/veera/.m2/repository/org/hamcrest/hamcrest/2.2/hamcrest-2.2.jar:/home/veera/.m2/repository/org/junit/jupiter/junit-jupiter/5.7.2/junit-jupiter-5.7.2.jar:/home/veera/.m2/repository/org/junit/jupiter/junit-jupiter-api/5.7.2/junit-jupiter-api-5.7.2.jar:/home/veera/.m2/repository/org/apiguardian/apiguardian-api/1.1.0/apiguardian-api-1.1.0.jar:/home/veera/.m2/repository/org/opentest4j/opentest4j/1.2.0/opentest4j-1.2.0.jar:/home/veera/.m2/repository/org/junit/platform/junit-platform-commons/1.7.2/junit-platform-commons-1.7.2.jar:/home/veera/.m2/repository/org/junit/jupiter/junit-jupiter-params/5.7.2/junit-jupiter-params-5.7.2.jar:/home/veera/.m2/repository/org/junit/jupiter/junit-jupiter-engine/5.7.2/junit-jupiter-engine-5.7.2.jar:/home/veera/.m2/repository/org/junit/platform/junit-platform-engine/1.7.2/junit-platform-engine-1.7.2.jar:/home/veera/.m2/repository/org/mockito/mockito-core/3.9.0/mockito-core-3.9.0.jar:/home/veera/.m2/repository/net/bytebuddy/byte-buddy/1.10.22/byte-buddy-1.10.22.jar:/home/veera/.m2/repository/net/bytebuddy/byte-buddy-agent/1.10.22/byte-buddy-agent-1.10.22.jar:/home/veera/.m2/repository/org/objenesis/objenesis/3.2/objenesis-3.2.jar:/home/veera/.m2/repository/org/mockito/mockito-junit-jupiter/3.9.0/mockito-junit-jupiter-3.9.0.jar:/home/veera/.m2/repository/org/skyscreamer/jsonassert/1.5.0/jsonassert-1.5.0.jar:/home/veera/.m2/repository/com/vaadin/external/google/android-json/0.0.20131108.vaadin1/android-json-0.0.20131108.vaadin1.jar:/home/veera/.m2/repository/org/springframework/spring-test/5.3.20/spring-test-5.3.20.jar:/home/veera/.m2/repository/org/xmlunit/xmlunit-core/2.8.4/xmlunit-core-2.8.4.jar:"/>
    <property name="sun.cpu.endian" value="little"/>
    <property name="user.home" value="/home/veera"/>
    <property name="user.language" value="en"/>
    <property name="java.specification.vendor" value="Oracle Corporation"/>
    <property name="java.home" value="/usr/lib/jvm/java-8-openjdk-amd64/jre"/>
    <property name="basedir" value="/home/veera/Downloads/demo"/>
    <property name="file.separator" value="/"/>
    <property name="line.separator" value="&#10;"/>
    <property name="java.vm.specification.vendor" value="Oracle Corporation"/>
    <property name="java.specification.name" value="Java Platform API Specification"/>
    <property name="java.awt.graphicsenv" value="sun.awt.X11GraphicsEnvironment"/>
    <property name="surefire.real.class.path" value="/home/veera/Downloads/demo/target/surefire/surefirebooter44620502361678255.jar"/>
    <property name="sun.boot.class.path" value="/usr/lib/jvm/java-8-openjdk-amd64/jre/lib/resources.jar:/usr/lib/jvm/java-8-openjdk-amd64/jre/lib/rt.jar:/usr/lib/jvm/java-8-openjdk-amd64/jre/lib/sunrsasign.jar:/usr/lib/jvm/java-8-openjdk-amd64/jre/lib/jsse.jar:/usr/lib/jvm/java-8-openjdk-amd64/jre/lib/jce.jar:/usr/lib/jvm/java-8-openjdk-amd64/jre/lib/charsets.jar:/usr/lib/jvm/java-8-openjdk-amd64/jre/lib/jfr.jar:/usr/lib/jvm/java-8-openjdk-amd64/jre/classes"/>
    <property name="sun.management.compiler" value="HotSpot 64-Bit Tiered Compilers"/>
    <property name="java.runtime.version" value="1.8.0_442-8u442-b06~us1-0ubuntu1~20.04-b06"/>
    <property name="user.name" value="veera"/>
    <property name="path.separator" value=":"/>
    <property name="os.version" value="5.15.0-131-generic"/>
    <property name="java.endorsed.dirs" value="/usr/lib/jvm/java-8-openjdk-amd64/jre/lib/endorsed"/>
    <property name="java.runtime.name" value="OpenJDK Runtime Environment"/>
    <property name="file.encoding" value="UTF-8"/>
    <property name="java.vm.name" value="OpenJDK 64-Bit Server VM"/>
    <property name="localRepository" value="/home/veera/.m2/repository"/>
    <property name="java.vendor.url.bug" value="http://bugreport.sun.com/bugreport/"/>
    <property name="java.io.tmpdir" value="/tmp"/>
    <property name="java.version" value="1.8.0_442"/>
    <property name="user.dir" value="/home/veera/Downloads/demo"/>
    <property name="os.arch" value="amd64"/>
    <property name="java.vm.specification.name" value="Java Virtual Machine Specification"/>
    <property name="java.awt.printerjob" value="sun.print.PSPrinterJob"/>
    <property name="sun.os.patch.level" value="unknown"/>
    <property name="java.library.path" value="/usr/java/packages/lib/amd64:/usr/lib/x86_64-linux-gnu/jni:/lib/x86_64-linux-gnu:/usr/lib/x86_64-linux-gnu:/usr/lib/jni:/lib:/usr/lib"/>
    <property name="java.vm.info" value="mixed mode"/>
    <property name="java.vendor" value="Private Build"/>
    <property name="java.vm.version" value="25.442-b06"/>
    <property name="java.specification.maintenance.version" value="6"/>
    <property name="java.ext.dirs" value="/usr/lib/jvm/java-8-openjdk-amd64/jre/lib/ext:/usr/java/packages/lib/ext"/>
    <property name="sun.io.unicode.encoding" value="UnicodeLittle"/>
    <property name="java.class.version" value="52.0"/>
  </properties>
  <testcase name="contextLoads" classname="com.example.demo.DemoApplicationTests" time="0.128"/>
</testsuite>